<?xml version="1.0" encoding="UTF-8"?>
<!-- Generated by org.testng.reporters.JUnitReportReporter -->
<testsuite hostname="LAPTOP-URC0MPI4" failures="0" tests="3" name="com.testcases.TestCases" time="6.133" errors="0" timestamp="2023-10-07T17:29:05 IST" skipped="0">
  <testcase classname="com.testcases.TestCases" name="mainTest" time="0.682"/>
  <system-out/>
  <testcase classname="com.testcases.TestCases" name="mainTest" time="4.224"/>
  <system-out/>
  <testcase classname="com.testcases.TestCases" name="mainTest" time="1.227"/>
  <system-out/>
</testsuite> <!-- com.testcases.TestCases -->
