<?xml version="1.0" encoding="UTF-8"?>
<!-- Generated by org.testng.reporters.JUnitReportReporter -->
<testsuite hostname="LAPTOP-URC0MPI4" failures="0" tests="5" name="com.testcases.TestCases2" time="1.514" errors="0" timestamp="2023-10-07T17:29:05 IST" skipped="0">
  <testcase classname="com.testcases.TestCases2" name="getGraphQLData" time="0.152"/>
  <system-out/>
  <testcase classname="com.testcases.TestCases2" name="createLocation" time="0.151"/>
  <system-out/>
  <testcase classname="com.testcases.TestCases2" name="createCharacter" time="0.145"/>
  <system-out/>
  <testcase classname="com.testcases.TestCases2" name="createEpisode" time="0.141"/>
  <system-out/>
  <testcase classname="com.testcases.TestCases2" name="deleteData" time="0.925"/>
  <system-out/>
</testsuite> <!-- com.testcases.TestCases2 -->
